<?xml version="1.0" encoding="UTF-8"?>
<!-- Generated by org.testng.reporters.JUnitReportReporter -->
<testsuite hostname="ThreadSol-Debdeep.local" name="com.testcases.LoginpageTestcase" tests="2" failures="0" timestamp="1 Feb 2020 07:45:26 GMT" time="15.868" errors="0">
  <testcase name="logintestcases" time="5.824" classname="com.testcases.LoginpageTestcase"/>
  <testcase name="GetpageTitle" time="10.044" classname="com.testcases.LoginpageTestcase"/>
</testsuite> <!-- com.testcases.LoginpageTestcase -->
