<?xml version="1.0" encoding="UTF-8"?>
<!-- Generated by org.testng.reporters.JUnitReportReporter -->
<testsuite hostname="ThreadSol-Debdeep.local" name="com.testcases.CheckoutOverviewpagetestcases" tests="1" failures="0" timestamp="1 Feb 2020 07:45:36 GMT" time="74.339" errors="0">
  <testcase name="CheckoutOverviewcases" time="74.339" classname="com.testcases.CheckoutOverviewpagetestcases"/>
</testsuite> <!-- com.testcases.CheckoutOverviewpagetestcases -->
