<?xml version="1.0" encoding="UTF-8"?>
<!-- Generated by org.testng.reporters.JUnitReportReporter -->
<testsuite hostname="ThreadSol-Debdeep.local" name="com.testcases.SwagLabPagetestcases" tests="1" failures="0" timestamp="1 Feb 2020 07:45:31 GMT" time="72.943" errors="0">
  <testcase name="SwagLabpagetestcases" time="72.943" classname="com.testcases.SwagLabPagetestcases"/>
</testsuite> <!-- com.testcases.SwagLabPagetestcases -->
