<?xml version="1.0" encoding="UTF-8"?>
<!-- Generated by org.testng.reporters.JUnitReportReporter -->
<testsuite hostname="ThreadSol-Debdeep.local" name="com.testcases.Loginpage1" tests="1" failures="0" timestamp="1 Feb 2020 06:36:46 GMT" time="37.195" errors="0">
  <testcase name="Test" time="37.195" classname="com.testcases.Loginpage1"/>
</testsuite> <!-- com.testcases.Loginpage1 -->
