<?xml version="1.0" encoding="UTF-8"?>
<!-- Generated by org.testng.reporters.JUnitReportReporter -->
<testsuite hostname="ThreadSol-Debdeep.local" name="com.testcases.Loginpage" tests="1" failures="0" timestamp="31 Jan 2020 22:18:14 GMT" time="19.546" errors="0">
  <testcase name="Test" time="19.546" classname="com.testcases.Loginpage"/>
</testsuite> <!-- com.testcases.Loginpage -->
