<?xml version="1.0" encoding="UTF-8"?>
<!-- Generated by org.testng.reporters.JUnitReportReporter -->
<testsuite hostname="ThreadSol-Debdeep.local" name="com.testcases.Finishtestcases" tests="1" failures="0" timestamp="1 Feb 2020 07:45:51 GMT" time="74.625" errors="0">
  <testcase name="VerifytheFinishpage" time="74.625" classname="com.testcases.Finishtestcases"/>
</testsuite> <!-- com.testcases.Finishtestcases -->
