<?xml version="1.0" encoding="UTF-8"?>
<!-- Generated by org.testng.reporters.JUnitReportReporter -->
<testsuite hostname="ThreadSol-Debdeep.local" name="com.testcases.CheckInformationtestcases" tests="1" failures="0" timestamp="1 Feb 2020 07:45:46 GMT" time="73.721" errors="0">
  <testcase name="VerifyCheckOutInformation" time="73.721" classname="com.testcases.CheckInformationtestcases"/>
</testsuite> <!-- com.testcases.CheckInformationtestcases -->
