<?xml version="1.0" encoding="UTF-8"?>
<!-- Generated by org.testng.reporters.JUnitReportReporter -->
<testsuite hostname="ThreadSol-Debdeep.local" name="com.testcases.CartpageTestcases" tests="1" failures="0" timestamp="1 Feb 2020 07:45:41 GMT" time="73.098" errors="0">
  <testcase name="NextpageinCartpage" time="73.098" classname="com.testcases.CartpageTestcases"/>
</testsuite> <!-- com.testcases.CartpageTestcases -->
